#
# A fatal error has been detected by the Java Runtime Environment:
#
#  EXCEPTION_ACCESS_VIOLATION (0xc0000005) at pc=0x000000007110b5db, pid=12616, tid=13348
#
# JRE version: Java(TM) SE Runtime Environment (13.0.1+9) (build 13.0.1+9)
# Java VM: Java HotSpot(TM) 64-Bit Server VM (13.0.1+9, mixed mode, sharing, tiered, compressed oops, g1 gc, windows-amd64)
# Problematic frame:
# C  [jSSC-2.8_x86_64.dll+0xb5db]
#
# No core dump will be written. Minidumps are not enabled by default on client versions of Windows
#
# If you would like to submit a bug report, please visit:
#   http://bugreport.java.com/bugreport/crash.jsp
# The crash happened outside the Java Virtual Machine in native code.
# See problematic frame for where to report the bug.
#

---------------  S U M M A R Y ------------

Command Line: museumapp.beaconprogramer.ProgramerMain

Host: Intel(R) Core(TM) i5-4590T CPU @ 2.00GHz, 4 cores, 7G,  Windows 10 , 64 bit Build 17134 (10.0.17134.753)
Time: Fri Nov 22 13:38:03 2019 Central Standard Time elapsed time: 1 seconds (0d 0h 0m 1s)

---------------  T H R E A D  ---------------

Current thread (0x000001b48d49f800):  JavaThread "main" [_thread_in_native, id=13348, stack(0x000000949b300000,0x000000949b400000)]

Stack: [0x000000949b300000,0x000000949b400000],  sp=0x000000949b3ff260,  free space=1020k
Native frames: (J=compiled Java code, j=interpreted, Vv=VM code, C=native code)
C  [jSSC-2.8_x86_64.dll+0xb5db]

Java frames: (J=compiled Java code, j=interpreted, Vv=VM code)
j  jssc.SerialNativeInterface.openPort(Ljava/lang/String;Z)J+0
j  jssc.SerialPort.openPort()Z+65
j  museumapp.beaconprogramer.ProgramerMain.setBeaconPort()V+124
j  museumapp.beaconprogramer.ProgramerMain.main([Ljava/lang/String;)V+35
v  ~StubRoutines::call_stub

siginfo: EXCEPTION_ACCESS_VIOLATION (0xc0000005), reading address 0xffffffff8b651ff4


Register to memory mapping:

RIP=0x000000007110b5db jSSC-2.8_x86_64.dll
RAX=0xffffffff8b651ff4 is an unknown value
RBX=0x000000949b3ff2d0 is pointing into the stack for thread: 0x000001b48d49f800
RCX=0x00007ff9523eab84 ntdll.dll
RDX=0x0 is NULL
RSP=0x000000949b3ff260 is pointing into the stack for thread: 0x000001b48d49f800
RBP=0x000000949b3ff3e0 is pointing into the stack for thread: 0x000001b48d49f800
RSI=0x000001b48d49fb10 points into unknown readable memory: 50 e8 71 f1 f8 7f 00 00
RDI=0x0000000000000584 is an unknown value
R8 =0x000000949b3ff158 is pointing into the stack for thread: 0x000001b48d49f800
R9 =0x000000949b3ff250 is pointing into the stack for thread: 0x000001b48d49f800
R10=0x0 is NULL
R11=0x0000000000000246 is an unknown value
R12=0x000000949b3ff498 is pointing into the stack for thread: 0x000001b48d49f800
R13=0x000001b4acb34050 points into unknown readable memory: 43 4f 4d 35 00 65 00 00
R14=0x000000949b3ff390 is pointing into the stack for thread: 0x000001b48d49f800
R15=0x000001b48d49f800 is a thread


Registers:
RAX=0xffffffff8b651ff4, RBX=0x000000949b3ff2d0, RCX=0x00007ff9523eab84, RDX=0x0000000000000000
RSP=0x000000949b3ff260, RBP=0x000000949b3ff3e0, RSI=0x000001b48d49fb10, RDI=0x0000000000000584
R8 =0x000000949b3ff158, R9 =0x000000949b3ff250, R10=0x0000000000000000, R11=0x0000000000000246
R12=0x000000949b3ff498, R13=0x000001b4acb34050, R14=0x000000949b3ff390, R15=0x000001b48d49f800
RIP=0x000000007110b5db, EFLAGS=0x0000000000010206

Top of Stack: (sp=0x000000949b3ff260)
0x000000949b3ff260:   000000949b3ff288 0000000000000000
0x000000949b3ff270:   000000007110b230 00007ff952366ff8
0x000000949b3ff280:   000001b4acb34050 0000000000000004
0x000000949b3ff290:   000001b48d49fb10 0000000000000584
0x000000949b3ff2a0:   000000949b3ff3e0 0000000071112590
0x000000949b3ff2b0:   000000949b3ff310 000000949b3ff498
0x000000949b3ff2c0:   000001b4acb33c60 0000000000000000
0x000000949b3ff2d0:   0000000000000584 00007ff94ec04847
0x000000949b3ff2e0:   000001b48d49f800 000000949b3ff390
0x000000949b3ff2f0:   000001b4acb34050 000001b48d49fb10
0x000000949b3ff300:   0000000071113500 0000000071113be8
0x000000949b3ff310:   000000949b3ff340 0000000071112641
0x000000949b3ff320:   000000949b3ff2b0 0000000040000000
0x000000949b3ff330:   0000000000000000 0000000000000000
0x000000949b3ff340:   000000949b3ff3e0 0000000071101595
0x000000949b3ff350:   000000000000001c 000001b400000000 

Instructions: (pc=0x000000007110b5db)
0x000000007110b4db:   48 85 c0 74 bf 44 8b 03 45 85 c0 0f 84 77 ff ff
0x000000007110b4eb:   ff eb 9f 66 90 e8 8b fe ff ff 48 89 05 0c 34 01
0x000000007110b4fb:   00 eb ad 66 90 e8 7b fe ff ff 48 89 05 fc 33 01
0x000000007110b50b:   00 eb 8b e8 8d fe ff ff c7 03 01 00 00 00 e9 6f
0x000000007110b51b:   ff ff ff 66 90 55 48 89 e5 56 53 48 83 ec 20 48
0x000000007110b52b:   8b 05 d7 33 01 00 48 8b 31 48 89 cb 48 85 c0 74
0x000000007110b53b:   56 44 8b 18 45 85 db 78 42 48 8b 05 bd 33 01 00
0x000000007110b54b:   48 85 c0 74 50 44 8b 10 45 85 d2 74 1d 48 89 f1
0x000000007110b55b:   e8 d0 fd ff ff 48 8b 13 48 8d 42 40 48 8b 48 08
0x000000007110b56b:   48 8b 6a 40 48 8b 60 10 ff e1 48 8b 05 9c 33 01
0x000000007110b57b:   00 48 85 c0 74 2d 48 89 30 eb da e8 b5 fe ff ff
0x000000007110b58b:   0f 1f 44 00 00 eb b2 e8 e9 fd ff ff 48 89 05 6a
0x000000007110b59b:   33 01 00 eb 9c e8 db fd ff ff 48 89 05 5c 33 01
0x000000007110b5ab:   00 eb a2 e8 3d fd ff ff 48 89 05 5e 33 01 00 eb
0x000000007110b5bb:   c5 0f 1f 40 00 55 57 56 53 48 83 ec 28 48 8b 05
0x000000007110b5cb:   39 33 01 00 48 89 cb 48 85 c0 0f 84 c5 00 00 00
0x000000007110b5db:   8b 38 85 ff 0f 88 ab 00 00 00 48 8b 05 1c 33 01
0x000000007110b5eb:   00 48 85 c0 0f 84 bc 00 00 00 8b 30 85 f6 74 57
0x000000007110b5fb:   48 8b 05 0e 33 01 00 48 85 c0 0f 84 e5 00 00 00
0x000000007110b60b:   8b 28 48 8b 35 10 5e 01 00 ff d6 89 c7 89 e9 ff
0x000000007110b61b:   15 f4 5e 01 00 89 f9 48 89 c5 ff 15 b9 5e 01 00
0x000000007110b62b:   48 8b 05 de 32 01 00 48 89 2b 48 85 c0 74 46 48
0x000000007110b63b:   89 da 8b 08 ff 15 d7 5e 01 00 85 c0 74 27 48 83
0x000000007110b64b:   c4 28 5b 5e 5f 5d c3 48 8b 05 bf 32 01 00 48 85
0x000000007110b65b:   c0 74 64 48 8b 10 48 89 13 48 89 18 48 83 c4 28
0x000000007110b66b:   5b 5e 5f 5d c3 48 89 f2 48 83 c4 28 5b 5e 5f 5d
0x000000007110b67b:   48 ff e2 66 90 e8 8b fc ff ff 48 89 05 84 32 01
0x000000007110b68b:   00 eb ac 66 90 e8 ab fd ff ff e9 4b ff ff ff 66
0x000000007110b69b:   0f 1f 44 00 00 e8 db fc ff ff 48 89 05 5c 32 01
0x000000007110b6ab:   00 e9 2a ff ff ff e8 ca fc ff ff 48 89 05 4b 32
0x000000007110b6bb:   01 00 e9 33 ff ff ff e8 29 fc ff ff 48 89 05 4a
0x000000007110b6cb:   32 01 00 48 8b 10 48 85 c0 48 89 13 75 8b e8 12 


Stack slot to memory mapping:
stack at sp + 0 slots: 0x000000949b3ff288 is pointing into the stack for thread: 0x000001b48d49f800
stack at sp + 1 slots: 0x0 is NULL
stack at sp + 2 slots: 0x000000007110b230 jSSC-2.8_x86_64.dll
stack at sp + 3 slots: 0x00007ff952366ff8 ntdll.dll
stack at sp + 4 slots: 0x000001b4acb34050 points into unknown readable memory: 43 4f 4d 35 00 65 00 00
stack at sp + 5 slots: 0x0000000000000004 is an unknown value
stack at sp + 6 slots: 0x000001b48d49fb10 points into unknown readable memory: 50 e8 71 f1 f8 7f 00 00
stack at sp + 7 slots: 0x0000000000000584 is an unknown value


---------------  P R O C E S S  ---------------

Threads class SMR info:
_java_thread_list=0x000001b4aca654f0, length=10, elements={
0x000001b48d49f800, 0x000001b4abad9800, 0x000001b4abadd800, 0x000001b4abaf9800,
0x000001b4abb1b800, 0x000001b4abb1f800, 0x000001b4ac452800, 0x000001b4ac486000,
0x000001b4ac562800, 0x000001b4ac557800
}

Java Threads: ( => current thread )
=>0x000001b48d49f800 JavaThread "main" [_thread_in_native, id=13348, stack(0x000000949b300000,0x000000949b400000)]
  0x000001b4abad9800 JavaThread "Reference Handler" daemon [_thread_blocked, id=14068, stack(0x000000949ba00000,0x000000949bb00000)]
  0x000001b4abadd800 JavaThread "Finalizer" daemon [_thread_blocked, id=3592, stack(0x000000949bb00000,0x000000949bc00000)]
  0x000001b4abaf9800 JavaThread "Signal Dispatcher" daemon [_thread_blocked, id=12920, stack(0x000000949bc00000,0x000000949bd00000)]
  0x000001b4abb1b800 JavaThread "Attach Listener" daemon [_thread_blocked, id=2164, stack(0x000000949bd00000,0x000000949be00000)]
  0x000001b4abb1f800 JavaThread "C2 CompilerThread0" daemon [_thread_blocked, id=17092, stack(0x000000949be00000,0x000000949bf00000)]
  0x000001b4ac452800 JavaThread "C1 CompilerThread0" daemon [_thread_blocked, id=2100, stack(0x000000949bf00000,0x000000949c000000)]
  0x000001b4ac486000 JavaThread "Sweeper thread" daemon [_thread_blocked, id=3176, stack(0x000000949c000000,0x000000949c100000)]
  0x000001b4ac562800 JavaThread "Service Thread" daemon [_thread_blocked, id=12272, stack(0x000000949c100000,0x000000949c200000)]
  0x000001b4ac557800 JavaThread "Common-Cleaner" daemon [_thread_blocked, id=11344, stack(0x000000949c300000,0x000000949c400000)]

Other Threads:
  0x000001b4abad5800 VMThread "VM Thread" [stack: 0x000000949b900000,0x000000949ba00000] [id=16812]
  0x000001b4ac557000 WatcherThread [stack: 0x000000949c200000,0x000000949c300000] [id=4512]
  0x000001b48d4e3000 GCTaskThread "GC Thread#0" [stack: 0x000000949b400000,0x000000949b500000] [id=8152]
  0x000001b4ac889800 GCTaskThread "GC Thread#1" [stack: 0x000000949c600000,0x000000949c700000] [id=1132]
  0x000001b4ac7ba000 GCTaskThread "GC Thread#2" [stack: 0x000000949c700000,0x000000949c800000] [id=16180]
  0x000001b48d4f4800 ConcurrentGCThread "G1 Main Marker" [stack: 0x000000949b500000,0x000000949b600000] [id=8572]
  0x000001b48d4f6800 ConcurrentGCThread "G1 Conc#0" [stack: 0x000000949b600000,0x000000949b700000] [id=13744]
  0x000001b48d56e000 ConcurrentGCThread "G1 Refine#0" [stack: 0x000000949b700000,0x000000949b800000] [id=16896]
  0x000001b4ab956800 ConcurrentGCThread "G1 Young RemSet Sampling" [stack: 0x000000949b800000,0x000000949b900000] [id=15648]

Threads with active compile tasks:

VM state:not at safepoint (normal execution)

VM Mutex/Monitor currently owned by a thread: None

Heap address: 0x0000000081600000, size: 2026 MB, Compressed Oops mode: 32-bit
Narrow klass base: 0x0000000800000000, Narrow klass shift: 3
Compressed class space size: 1073741824 Address: 0x0000000800b40000

Heap:
 garbage-first heap   total 131072K, used 10240K [0x0000000081600000, 0x0000000100000000)
  region size 1024K, 10 young (10240K), 2 survivors (2048K)
 Metaspace       used 9726K, capacity 9964K, committed 10112K, reserved 1058816K
  class space    used 1006K, capacity 1068K, committed 1152K, reserved 1048576K
Heap Regions: E=young(eden), S=young(survivor), O=old, HS=humongous(starts), HC=humongous(continues), CS=collection set, F=free, A=archive, TAMS=top-at-mark-start (previous, next)
|   0|0x0000000081600000, 0x0000000081700000, 0x0000000081700000|100%| O|  |TAMS 0x0000000081600000, 0x0000000081600000| Untracked 
|   1|0x0000000081700000, 0x0000000081700000, 0x0000000081800000|  0%| F|  |TAMS 0x0000000081700000, 0x0000000081700000| Untracked 
|   2|0x0000000081800000, 0x0000000081800000, 0x0000000081900000|  0%| F|  |TAMS 0x0000000081800000, 0x0000000081800000| Untracked 
|   3|0x0000000081900000, 0x0000000081900000, 0x0000000081a00000|  0%| F|  |TAMS 0x0000000081900000, 0x0000000081900000| Untracked 
|   4|0x0000000081a00000, 0x0000000081a00000, 0x0000000081b00000|  0%| F|  |TAMS 0x0000000081a00000, 0x0000000081a00000| Untracked 
|   5|0x0000000081b00000, 0x0000000081b00000, 0x0000000081c00000|  0%| F|  |TAMS 0x0000000081b00000, 0x0000000081b00000| Untracked 
|   6|0x0000000081c00000, 0x0000000081c00000, 0x0000000081d00000|  0%| F|  |TAMS 0x0000000081c00000, 0x0000000081c00000| Untracked 
|   7|0x0000000081d00000, 0x0000000081d00000, 0x0000000081e00000|  0%| F|  |TAMS 0x0000000081d00000, 0x0000000081d00000| Untracked 
|   8|0x0000000081e00000, 0x0000000081e00000, 0x0000000081f00000|  0%| F|  |TAMS 0x0000000081e00000, 0x0000000081e00000| Untracked 
|   9|0x0000000081f00000, 0x0000000081f00000, 0x0000000082000000|  0%| F|  |TAMS 0x0000000081f00000, 0x0000000081f00000| Untracked 
|  10|0x0000000082000000, 0x0000000082000000, 0x0000000082100000|  0%| F|  |TAMS 0x0000000082000000, 0x0000000082000000| Untracked 
|  11|0x0000000082100000, 0x0000000082100000, 0x0000000082200000|  0%| F|  |TAMS 0x0000000082100000, 0x0000000082100000| Untracked 
|  12|0x0000000082200000, 0x0000000082200000, 0x0000000082300000|  0%| F|  |TAMS 0x0000000082200000, 0x0000000082200000| Untracked 
|  13|0x0000000082300000, 0x0000000082300000, 0x0000000082400000|  0%| F|  |TAMS 0x0000000082300000, 0x0000000082300000| Untracked 
|  14|0x0000000082400000, 0x0000000082400000, 0x0000000082500000|  0%| F|  |TAMS 0x0000000082400000, 0x0000000082400000| Untracked 
|  15|0x0000000082500000, 0x0000000082500000, 0x0000000082600000|  0%| F|  |TAMS 0x0000000082500000, 0x0000000082500000| Untracked 
|  16|0x0000000082600000, 0x0000000082600000, 0x0000000082700000|  0%| F|  |TAMS 0x0000000082600000, 0x0000000082600000| Untracked 
|  17|0x0000000082700000, 0x0000000082700000, 0x0000000082800000|  0%| F|  |TAMS 0x0000000082700000, 0x0000000082700000| Untracked 
|  18|0x0000000082800000, 0x0000000082800000, 0x0000000082900000|  0%| F|  |TAMS 0x0000000082800000, 0x0000000082800000| Untracked 
|  19|0x0000000082900000, 0x0000000082900000, 0x0000000082a00000|  0%| F|  |TAMS 0x0000000082900000, 0x0000000082900000| Untracked 
|  20|0x0000000082a00000, 0x0000000082a00000, 0x0000000082b00000|  0%| F|  |TAMS 0x0000000082a00000, 0x0000000082a00000| Untracked 
|  21|0x0000000082b00000, 0x0000000082b00000, 0x0000000082c00000|  0%| F|  |TAMS 0x0000000082b00000, 0x0000000082b00000| Untracked 
|  22|0x0000000082c00000, 0x0000000082c00000, 0x0000000082d00000|  0%| F|  |TAMS 0x0000000082c00000, 0x0000000082c00000| Untracked 
|  23|0x0000000082d00000, 0x0000000082d00000, 0x0000000082e00000|  0%| F|  |TAMS 0x0000000082d00000, 0x0000000082d00000| Untracked 
|  24|0x0000000082e00000, 0x0000000082e00000, 0x0000000082f00000|  0%| F|  |TAMS 0x0000000082e00000, 0x0000000082e00000| Untracked 
|  25|0x0000000082f00000, 0x0000000082f00000, 0x0000000083000000|  0%| F|  |TAMS 0x0000000082f00000, 0x0000000082f00000| Untracked 
|  26|0x0000000083000000, 0x0000000083000000, 0x0000000083100000|  0%| F|  |TAMS 0x0000000083000000, 0x0000000083000000| Untracked 
|  27|0x0000000083100000, 0x0000000083100000, 0x0000000083200000|  0%| F|  |TAMS 0x0000000083100000, 0x0000000083100000| Untracked 
|  28|0x0000000083200000, 0x0000000083200000, 0x0000000083300000|  0%| F|  |TAMS 0x0000000083200000, 0x0000000083200000| Untracked 
|  29|0x0000000083300000, 0x0000000083300000, 0x0000000083400000|  0%| F|  |TAMS 0x0000000083300000, 0x0000000083300000| Untracked 
|  30|0x0000000083400000, 0x0000000083400000, 0x0000000083500000|  0%| F|  |TAMS 0x0000000083400000, 0x0000000083400000| Untracked 
|  31|0x0000000083500000, 0x0000000083500000, 0x0000000083600000|  0%| F|  |TAMS 0x0000000083500000, 0x0000000083500000| Untracked 
|  32|0x0000000083600000, 0x0000000083600000, 0x0000000083700000|  0%| F|  |TAMS 0x0000000083600000, 0x0000000083600000| Untracked 
|  33|0x0000000083700000, 0x0000000083700000, 0x0000000083800000|  0%| F|  |TAMS 0x0000000083700000, 0x0000000083700000| Untracked 
|  34|0x0000000083800000, 0x0000000083800000, 0x0000000083900000|  0%| F|  |TAMS 0x0000000083800000, 0x0000000083800000| Untracked 
|  35|0x0000000083900000, 0x0000000083900000, 0x0000000083a00000|  0%| F|  |TAMS 0x0000000083900000, 0x0000000083900000| Untracked 
|  36|0x0000000083a00000, 0x0000000083a00000, 0x0000000083b00000|  0%| F|  |TAMS 0x0000000083a00000, 0x0000000083a00000| Untracked 
|  37|0x0000000083b00000, 0x0000000083b00000, 0x0000000083c00000|  0%| F|  |TAMS 0x0000000083b00000, 0x0000000083b00000| Untracked 
|  38|0x0000000083c00000, 0x0000000083c00000, 0x0000000083d00000|  0%| F|  |TAMS 0x0000000083c00000, 0x0000000083c00000| Untracked 
|  39|0x0000000083d00000, 0x0000000083d00000, 0x0000000083e00000|  0%| F|  |TAMS 0x0000000083d00000, 0x0000000083d00000| Untracked 
|  40|0x0000000083e00000, 0x0000000083e00000, 0x0000000083f00000|  0%| F|  |TAMS 0x0000000083e00000, 0x0000000083e00000| Untracked 
|  41|0x0000000083f00000, 0x0000000083f00000, 0x0000000084000000|  0%| F|  |TAMS 0x0000000083f00000, 0x0000000083f00000| Untracked 
|  42|0x0000000084000000, 0x0000000084000000, 0x0000000084100000|  0%| F|  |TAMS 0x0000000084000000, 0x0000000084000000| Untracked 
|  43|0x0000000084100000, 0x0000000084100000, 0x0000000084200000|  0%| F|  |TAMS 0x0000000084100000, 0x0000000084100000| Untracked 
|  44|0x0000000084200000, 0x0000000084200000, 0x0000000084300000|  0%| F|  |TAMS 0x0000000084200000, 0x0000000084200000| Untracked 
|  45|0x0000000084300000, 0x0000000084300000, 0x0000000084400000|  0%| F|  |TAMS 0x0000000084300000, 0x0000000084300000| Untracked 
|  46|0x0000000084400000, 0x0000000084400000, 0x0000000084500000|  0%| F|  |TAMS 0x0000000084400000, 0x0000000084400000| Untracked 
|  47|0x0000000084500000, 0x0000000084500000, 0x0000000084600000|  0%| F|  |TAMS 0x0000000084500000, 0x0000000084500000| Untracked 
|  48|0x0000000084600000, 0x0000000084600000, 0x0000000084700000|  0%| F|  |TAMS 0x0000000084600000, 0x0000000084600000| Untracked 
|  49|0x0000000084700000, 0x0000000084700000, 0x0000000084800000|  0%| F|  |TAMS 0x0000000084700000, 0x0000000084700000| Untracked 
|  50|0x0000000084800000, 0x0000000084800000, 0x0000000084900000|  0%| F|  |TAMS 0x0000000084800000, 0x0000000084800000| Untracked 
|  51|0x0000000084900000, 0x0000000084900000, 0x0000000084a00000|  0%| F|  |TAMS 0x0000000084900000, 0x0000000084900000| Untracked 
|  52|0x0000000084a00000, 0x0000000084a00000, 0x0000000084b00000|  0%| F|  |TAMS 0x0000000084a00000, 0x0000000084a00000| Untracked 
|  53|0x0000000084b00000, 0x0000000084b00000, 0x0000000084c00000|  0%| F|  |TAMS 0x0000000084b00000, 0x0000000084b00000| Untracked 
|  54|0x0000000084c00000, 0x0000000084c00000, 0x0000000084d00000|  0%| F|  |TAMS 0x0000000084c00000, 0x0000000084c00000| Untracked 
|  55|0x0000000084d00000, 0x0000000084d00000, 0x0000000084e00000|  0%| F|  |TAMS 0x0000000084d00000, 0x0000000084d00000| Untracked 
|  56|0x0000000084e00000, 0x0000000084e00000, 0x0000000084f00000|  0%| F|  |TAMS 0x0000000084e00000, 0x0000000084e00000| Untracked 
|  57|0x0000000084f00000, 0x0000000084f00000, 0x0000000085000000|  0%| F|  |TAMS 0x0000000084f00000, 0x0000000084f00000| Untracked 
|  58|0x0000000085000000, 0x0000000085000000, 0x0000000085100000|  0%| F|  |TAMS 0x0000000085000000, 0x0000000085000000| Untracked 
|  59|0x0000000085100000, 0x0000000085100000, 0x0000000085200000|  0%| F|  |TAMS 0x0000000085100000, 0x0000000085100000| Untracked 
|  60|0x0000000085200000, 0x0000000085200000, 0x0000000085300000|  0%| F|  |TAMS 0x0000000085200000, 0x0000000085200000| Untracked 
|  61|0x0000000085300000, 0x0000000085300000, 0x0000000085400000|  0%| F|  |TAMS 0x0000000085300000, 0x0000000085300000| Untracked 
|  62|0x0000000085400000, 0x0000000085400000, 0x0000000085500000|  0%| F|  |TAMS 0x0000000085400000, 0x0000000085400000| Untracked 
|  63|0x0000000085500000, 0x0000000085500000, 0x0000000085600000|  0%| F|  |TAMS 0x0000000085500000, 0x0000000085500000| Untracked 
|  64|0x0000000085600000, 0x0000000085600000, 0x0000000085700000|  0%| F|  |TAMS 0x0000000085600000, 0x0000000085600000| Untracked 
|  65|0x0000000085700000, 0x0000000085700000, 0x0000000085800000|  0%| F|  |TAMS 0x0000000085700000, 0x0000000085700000| Untracked 
|  66|0x0000000085800000, 0x0000000085800000, 0x0000000085900000|  0%| F|  |TAMS 0x0000000085800000, 0x0000000085800000| Untracked 
|  67|0x0000000085900000, 0x0000000085900000, 0x0000000085a00000|  0%| F|  |TAMS 0x0000000085900000, 0x0000000085900000| Untracked 
|  68|0x0000000085a00000, 0x0000000085a00000, 0x0000000085b00000|  0%| F|  |TAMS 0x0000000085a00000, 0x0000000085a00000| Untracked 
|  69|0x0000000085b00000, 0x0000000085b00000, 0x0000000085c00000|  0%| F|  |TAMS 0x0000000085b00000, 0x0000000085b00000| Untracked 
|  70|0x0000000085c00000, 0x0000000085c00000, 0x0000000085d00000|  0%| F|  |TAMS 0x0000000085c00000, 0x0000000085c00000| Untracked 
|  71|0x0000000085d00000, 0x0000000085d00000, 0x0000000085e00000|  0%| F|  |TAMS 0x0000000085d00000, 0x0000000085d00000| Untracked 
|  72|0x0000000085e00000, 0x0000000085e00000, 0x0000000085f00000|  0%| F|  |TAMS 0x0000000085e00000, 0x0000000085e00000| Untracked 
|  73|0x0000000085f00000, 0x0000000085f00000, 0x0000000086000000|  0%| F|  |TAMS 0x0000000085f00000, 0x0000000085f00000| Untracked 
|  74|0x0000000086000000, 0x0000000086000000, 0x0000000086100000|  0%| F|  |TAMS 0x0000000086000000, 0x0000000086000000| Untracked 
|  75|0x0000000086100000, 0x0000000086100000, 0x0000000086200000|  0%| F|  |TAMS 0x0000000086100000, 0x0000000086100000| Untracked 
|  76|0x0000000086200000, 0x0000000086200000, 0x0000000086300000|  0%| F|  |TAMS 0x0000000086200000, 0x0000000086200000| Untracked 
|  77|0x0000000086300000, 0x0000000086300000, 0x0000000086400000|  0%| F|  |TAMS 0x0000000086300000, 0x0000000086300000| Untracked 
|  78|0x0000000086400000, 0x0000000086400000, 0x0000000086500000|  0%| F|  |TAMS 0x0000000086400000, 0x0000000086400000| Untracked 
|  79|0x0000000086500000, 0x0000000086500000, 0x0000000086600000|  0%| F|  |TAMS 0x0000000086500000, 0x0000000086500000| Untracked 
|  80|0x0000000086600000, 0x0000000086600000, 0x0000000086700000|  0%| F|  |TAMS 0x0000000086600000, 0x0000000086600000| Untracked 
|  81|0x0000000086700000, 0x0000000086700000, 0x0000000086800000|  0%| F|  |TAMS 0x0000000086700000, 0x0000000086700000| Untracked 
|  82|0x0000000086800000, 0x0000000086800000, 0x0000000086900000|  0%| F|  |TAMS 0x0000000086800000, 0x0000000086800000| Untracked 
|  83|0x0000000086900000, 0x0000000086900000, 0x0000000086a00000|  0%| F|  |TAMS 0x0000000086900000, 0x0000000086900000| Untracked 
|  84|0x0000000086a00000, 0x0000000086a00000, 0x0000000086b00000|  0%| F|  |TAMS 0x0000000086a00000, 0x0000000086a00000| Untracked 
|  85|0x0000000086b00000, 0x0000000086b00000, 0x0000000086c00000|  0%| F|  |TAMS 0x0000000086b00000, 0x0000000086b00000| Untracked 
|  86|0x0000000086c00000, 0x0000000086c00000, 0x0000000086d00000|  0%| F|  |TAMS 0x0000000086c00000, 0x0000000086c00000| Untracked 
|  87|0x0000000086d00000, 0x0000000086d00000, 0x0000000086e00000|  0%| F|  |TAMS 0x0000000086d00000, 0x0000000086d00000| Untracked 
|  88|0x0000000086e00000, 0x0000000086e00000, 0x0000000086f00000|  0%| F|  |TAMS 0x0000000086e00000, 0x0000000086e00000| Untracked 
|  89|0x0000000086f00000, 0x0000000086f00000, 0x0000000087000000|  0%| F|  |TAMS 0x0000000086f00000, 0x0000000086f00000| Untracked 
|  90|0x0000000087000000, 0x0000000087000000, 0x0000000087100000|  0%| F|  |TAMS 0x0000000087000000, 0x0000000087000000| Untracked 
|  91|0x0000000087100000, 0x0000000087100000, 0x0000000087200000|  0%| F|  |TAMS 0x0000000087100000, 0x0000000087100000| Untracked 
|  92|0x0000000087200000, 0x0000000087200000, 0x0000000087300000|  0%| F|  |TAMS 0x0000000087200000, 0x0000000087200000| Untracked 
|  93|0x0000000087300000, 0x0000000087300000, 0x0000000087400000|  0%| F|  |TAMS 0x0000000087300000, 0x0000000087300000| Untracked 
|  94|0x0000000087400000, 0x0000000087400000, 0x0000000087500000|  0%| F|  |TAMS 0x0000000087400000, 0x0000000087400000| Untracked 
|  95|0x0000000087500000, 0x0000000087500000, 0x0000000087600000|  0%| F|  |TAMS 0x0000000087500000, 0x0000000087500000| Untracked 
|  96|0x0000000087600000, 0x0000000087600000, 0x0000000087700000|  0%| F|  |TAMS 0x0000000087600000, 0x0000000087600000| Untracked 
|  97|0x0000000087700000, 0x0000000087700000, 0x0000000087800000|  0%| F|  |TAMS 0x0000000087700000, 0x0000000087700000| Untracked 
|  98|0x0000000087800000, 0x0000000087800000, 0x0000000087900000|  0%| F|  |TAMS 0x0000000087800000, 0x0000000087800000| Untracked 
|  99|0x0000000087900000, 0x0000000087900000, 0x0000000087a00000|  0%| F|  |TAMS 0x0000000087900000, 0x0000000087900000| Untracked 
| 100|0x0000000087a00000, 0x0000000087a00000, 0x0000000087b00000|  0%| F|  |TAMS 0x0000000087a00000, 0x0000000087a00000| Untracked 
| 101|0x0000000087b00000, 0x0000000087b00000, 0x0000000087c00000|  0%| F|  |TAMS 0x0000000087b00000, 0x0000000087b00000| Untracked 
| 102|0x0000000087c00000, 0x0000000087c00000, 0x0000000087d00000|  0%| F|  |TAMS 0x0000000087c00000, 0x0000000087c00000| Untracked 
| 103|0x0000000087d00000, 0x0000000087d00000, 0x0000000087e00000|  0%| F|  |TAMS 0x0000000087d00000, 0x0000000087d00000| Untracked 
| 104|0x0000000087e00000, 0x0000000087e00000, 0x0000000087f00000|  0%| F|  |TAMS 0x0000000087e00000, 0x0000000087e00000| Untracked 
| 105|0x0000000087f00000, 0x0000000087f00000, 0x0000000088000000|  0%| F|  |TAMS 0x0000000087f00000, 0x0000000087f00000| Untracked 
| 106|0x0000000088000000, 0x0000000088000000, 0x0000000088100000|  0%| F|  |TAMS 0x0000000088000000, 0x0000000088000000| Untracked 
| 107|0x0000000088100000, 0x0000000088100000, 0x0000000088200000|  0%| F|  |TAMS 0x0000000088100000, 0x0000000088100000| Untracked 
| 108|0x0000000088200000, 0x0000000088200000, 0x0000000088300000|  0%| F|  |TAMS 0x0000000088200000, 0x0000000088200000| Untracked 
| 109|0x0000000088300000, 0x0000000088300000, 0x0000000088400000|  0%| F|  |TAMS 0x0000000088300000, 0x0000000088300000| Untracked 
| 110|0x0000000088400000, 0x0000000088400000, 0x0000000088500000|  0%| F|  |TAMS 0x0000000088400000, 0x0000000088400000| Untracked 
| 111|0x0000000088500000, 0x0000000088500000, 0x0000000088600000|  0%| F|  |TAMS 0x0000000088500000, 0x0000000088500000| Untracked 
| 112|0x0000000088600000, 0x0000000088700000, 0x0000000088700000|100%| S|CS|TAMS 0x0000000088600000, 0x0000000088600000| Complete 
| 113|0x0000000088700000, 0x0000000088800000, 0x0000000088800000|100%| S|CS|TAMS 0x0000000088700000, 0x0000000088700000| Complete 
| 114|0x0000000088800000, 0x0000000088800000, 0x0000000088900000|  0%| F|  |TAMS 0x0000000088800000, 0x0000000088800000| Untracked 
| 115|0x0000000088900000, 0x0000000088900000, 0x0000000088a00000|  0%| F|  |TAMS 0x0000000088900000, 0x0000000088900000| Untracked 
| 116|0x0000000088a00000, 0x0000000088a00000, 0x0000000088b00000|  0%| F|  |TAMS 0x0000000088a00000, 0x0000000088a00000| Untracked 
| 117|0x0000000088b00000, 0x0000000088b00000, 0x0000000088c00000|  0%| F|  |TAMS 0x0000000088b00000, 0x0000000088b00000| Untracked 
| 118|0x0000000088c00000, 0x0000000088c00000, 0x0000000088d00000|  0%| F|  |TAMS 0x0000000088c00000, 0x0000000088c00000| Untracked 
| 119|0x0000000088d00000, 0x0000000088d00000, 0x0000000088e00000|  0%| F|  |TAMS 0x0000000088d00000, 0x0000000088d00000| Untracked 
| 120|0x0000000088e00000, 0x0000000088f00000, 0x0000000088f00000|100%| E|  |TAMS 0x0000000088e00000, 0x0000000088e00000| Complete 
| 121|0x0000000088f00000, 0x0000000089000000, 0x0000000089000000|100%| E|CS|TAMS 0x0000000088f00000, 0x0000000088f00000| Complete 
| 122|0x0000000089000000, 0x0000000089100000, 0x0000000089100000|100%| E|CS|TAMS 0x0000000089000000, 0x0000000089000000| Complete 
| 123|0x0000000089100000, 0x0000000089200000, 0x0000000089200000|100%| E|CS|TAMS 0x0000000089100000, 0x0000000089100000| Complete 
| 124|0x0000000089200000, 0x0000000089300000, 0x0000000089300000|100%| E|CS|TAMS 0x0000000089200000, 0x0000000089200000| Complete 
| 125|0x0000000089300000, 0x0000000089400000, 0x0000000089400000|100%| E|CS|TAMS 0x0000000089300000, 0x0000000089300000| Complete 
| 126|0x0000000089400000, 0x0000000089500000, 0x0000000089500000|100%| E|CS|TAMS 0x0000000089400000, 0x0000000089400000| Complete 
| 127|0x0000000089500000, 0x0000000089600000, 0x0000000089600000|100%| E|CS|TAMS 0x0000000089500000, 0x0000000089500000| Complete 

Card table byte_map: [0x000001b4a4da0000,0x000001b4a51a0000] _byte_map_base: 0x000001b4a4995000

Marking Bits (Prev, Next): (CMBitMap*) 0x000001b48d4e3dc8, (CMBitMap*) 0x000001b48d4e3e08
 Prev Bits: [0x000001b4a55a0000, 0x000001b4a7548000)
 Next Bits: [0x000001b4a7550000, 0x000001b4a94f8000)

Polling page: 0x000001b48b360000

Metaspace:

Usage:
  Non-class:      8.69 MB capacity,     8.52 MB ( 98%) used,   162.35 KB (  2%) free+waste,    14.13 KB ( <1%) overhead. 
      Class:      1.04 MB capacity,  1006.95 KB ( 94%) used,    53.74 KB (  5%) free+waste,     7.31 KB ( <1%) overhead. 
       Both:      9.73 MB capacity,     9.50 MB ( 98%) used,   216.09 KB (  2%) free+waste,    21.44 KB ( <1%) overhead. 

Virtual space:
  Non-class space:       10.00 MB reserved,       8.75 MB ( 88%) committed 
      Class space:        1.00 GB reserved,       1.13 MB ( <1%) committed 
             Both:        1.01 GB reserved,       9.88 MB ( <1%) committed 

Chunk freelists:
   Non-Class:  0 bytes
       Class:  20.00 KB
        Both:  20.00 KB

MaxMetaspaceSize: 17179869184.00 GB
CompressedClassSpaceSize: 1.00 GB

CodeHeap 'non-profiled nmethods': size=120064Kb used=430Kb max_used=430Kb free=119633Kb
 bounds [0x000001b49d460000, 0x000001b49d6d0000, 0x000001b4a49a0000]
CodeHeap 'profiled nmethods': size=120000Kb used=2374Kb max_used=2374Kb free=117625Kb
 bounds [0x000001b495f30000, 0x000001b4961a0000, 0x000001b49d460000]
CodeHeap 'non-nmethods': size=5696Kb used=1235Kb max_used=1248Kb free=4460Kb
 bounds [0x000001b4959a0000, 0x000001b495c10000, 0x000001b495f30000]
 total_blobs=2381 nmethods=1274 adapters=408
 compilation: enabled
              stopped_count=0, restarted_count=0
 full_count=0

Compilation events (20 events):
Event: 1.294 Thread 0x000001b4ac452800 nmethod 1267 0x000001b49617ae10 code [0x000001b49617b160, 0x000001b49617c650]
Event: 1.294 Thread 0x000001b4ac452800 1268       3       java.lang.System$2::getEnumConstantsShared (8 bytes)
Event: 1.294 Thread 0x000001b4ac452800 nmethod 1268 0x000001b49617cf10 code [0x000001b49617d0c0, 0x000001b49617d390]
Event: 1.294 Thread 0x000001b4ac452800 1269       3       java.util.EnumSet::noneOf (63 bytes)
Event: 1.295 Thread 0x000001b4abb1f800 nmethod 1238 0x000001b49d4ca710 code [0x000001b49d4ca8a0, 0x000001b49d4cb2f8]
Event: 1.295 Thread 0x000001b4abb1f800 1256       4       java.lang.StringLatin1::inflate (34 bytes)
Event: 1.295 Thread 0x000001b4ac452800 nmethod 1269 0x000001b49617d490 code [0x000001b49617d7c0, 0x000001b49617ec20]
Event: 1.295 Thread 0x000001b4ac452800 1270       3       java.util.EnumSet::getUniverse (10 bytes)
Event: 1.296 Thread 0x000001b4ac452800 nmethod 1270 0x000001b49617f290 code [0x000001b49617f460, 0x000001b49617f810]
Event: 1.296 Thread 0x000001b4ac452800 1271       3       java.util.EnumSet::<init> (15 bytes)
Event: 1.296 Thread 0x000001b4ac452800 nmethod 1271 0x000001b49617f990 code [0x000001b49617fb40, 0x000001b49617fe98]
Event: 1.296 Thread 0x000001b4ac452800 1272       3       java.util.RegularEnumSet::<init> (12 bytes)
Event: 1.296 Thread 0x000001b4ac452800 nmethod 1272 0x000001b49617ff90 code [0x000001b496180160, 0x000001b496180518]
Event: 1.299 Thread 0x000001b4abb1f800 nmethod 1256 0x000001b49d4cb410 code [0x000001b49d4cb5a0, 0x000001b49d4cb818]
Event: 1.302 Thread 0x000001b4ac452800 1273       3       java.lang.ref.Cleaner::register (25 bytes)
Event: 1.303 Thread 0x000001b4ac452800 nmethod 1273 0x000001b496180690 code [0x000001b4961808a0, 0x000001b496180e90]
Event: 1.303 Thread 0x000001b4ac452800 1274       3       jdk.internal.ref.CleanerImpl$PhantomCleanableRef::<init> (12 bytes)
Event: 1.303 Thread 0x000001b4ac452800 nmethod 1274 0x000001b496181090 code [0x000001b496181240, 0x000001b496181470]
Event: 1.303 Thread 0x000001b4ac452800 1275       3       java.lang.ref.Reference::clear (6 bytes)
Event: 1.303 Thread 0x000001b4ac452800 nmethod 1275 0x000001b496181510 code [0x000001b4961816c0, 0x000001b496181858]

GC Heap History (2 events):
Event: 0.802 GC heap before
{Heap before GC invocations=0 (full 0):
 garbage-first heap   total 131072K, used 13312K [0x0000000081600000, 0x0000000100000000)
  region size 1024K, 14 young (14336K), 0 survivors (0K)
 Metaspace       used 5558K, capacity 5869K, committed 6144K, reserved 1056768K
  class space    used 560K, capacity 644K, committed 768K, reserved 1048576K
}
Event: 0.808 GC heap after
{Heap after GC invocations=1 (full 0):
 garbage-first heap   total 131072K, used 3072K [0x0000000081600000, 0x0000000100000000)
  region size 1024K, 2 young (2048K), 2 survivors (2048K)
 Metaspace       used 5558K, capacity 5869K, committed 6144K, reserved 1056768K
  class space    used 560K, capacity 644K, committed 768K, reserved 1048576K
}

Deoptimization events (20 events):
Event: 0.842 Thread 0x000001b48d49f800 Uncommon trap: trap_request=0xffffff45 fr.pc=0x000001b49d49a970 relative=0x00000000000000d0
Event: 0.842 Thread 0x000001b48d49f800 Uncommon trap: reason=unstable_if action=reinterpret pc=0x000001b49d49a970 method=java.lang.CharacterDataLatin1.digit(II)I @ 12 c2
Event: 0.842 Thread 0x000001b48d49f800 DEOPT PACKING pc=0x000001b49d49a970 sp=0x000000949b3fea60
Event: 0.842 Thread 0x000001b48d49f800 DEOPT UNPACKING pc=0x000001b4959e912f sp=0x000000949b3fe918 mode 2
Event: 0.854 Thread 0x000001b48d49f800 Uncommon trap: trap_request=0xffffff45 fr.pc=0x000001b49d4956e4 relative=0x00000000000002a4
Event: 0.854 Thread 0x000001b48d49f800 Uncommon trap: reason=unstable_if action=reinterpret pc=0x000001b49d4956e4 method=java.util.HashMap.putVal(ILjava/lang/Object;Ljava/lang/Object;ZZ)Ljava/lang/Object; @ 162 c2
Event: 0.854 Thread 0x000001b48d49f800 DEOPT PACKING pc=0x000001b49d4956e4 sp=0x000000949b3fce60
Event: 0.854 Thread 0x000001b48d49f800 DEOPT UNPACKING pc=0x000001b4959e912f sp=0x000000949b3fce10 mode 2
Event: 0.855 Thread 0x000001b48d49f800 Uncommon trap: trap_request=0xffffff45 fr.pc=0x000001b49d4b09f8 relative=0x0000000000000238
Event: 0.855 Thread 0x000001b48d49f800 Uncommon trap: reason=unstable_if action=reinterpret pc=0x000001b49d4b09f8 method=java.util.regex.Pattern$SliceI.match(Ljava/util/regex/Matcher;ILjava/lang/CharSequence;)Z @ 29 c2
Event: 0.855 Thread 0x000001b48d49f800 DEOPT PACKING pc=0x000001b49d4b09f8 sp=0x000000949b3fe460
Event: 0.855 Thread 0x000001b48d49f800 DEOPT UNPACKING pc=0x000001b4959e912f sp=0x000000949b3fe3f8 mode 2
Event: 1.157 Thread 0x000001b48d49f800 DEOPT PACKING pc=0x000001b495f8935c sp=0x000000949b3fe6e0
Event: 1.157 Thread 0x000001b48d49f800 DEOPT UNPACKING pc=0x000001b4959e964e sp=0x000000949b3fdc68 mode 0
Event: 1.273 Thread 0x000001b48d49f800 DEOPT PACKING pc=0x000001b495fe8f5f sp=0x000000949b3fc790
Event: 1.273 Thread 0x000001b48d49f800 DEOPT UNPACKING pc=0x000001b4959e964e sp=0x000000949b3fbbe0 mode 0
Event: 1.301 Thread 0x000001b48d49f800 Uncommon trap: trap_request=0xffffffde fr.pc=0x000001b49d4b4ab0 relative=0x00000000000003d0
Event: 1.301 Thread 0x000001b48d49f800 Uncommon trap: reason=class_check action=maybe_recompile pc=0x000001b49d4b4ab0 method=java.util.regex.Pattern$Start.match(Ljava/util/regex/Matcher;ILjava/lang/CharSequence;)Z @ 44 c2
Event: 1.301 Thread 0x000001b48d49f800 DEOPT PACKING pc=0x000001b49d4b4ab0 sp=0x000000949b3ff2f0
Event: 1.301 Thread 0x000001b48d49f800 DEOPT UNPACKING pc=0x000001b4959e912f sp=0x000000949b3ff220 mode 2

Classes unloaded (0 events):
No events

Classes redefined (0 events):
No events

Internal exceptions (8 events):
Event: 0.123 Thread 0x000001b48d49f800 Exception <a 'java/lang/NoSuchMethodError'{0x0000000089449228}: 'int java.lang.invoke.DirectMethodHandle$Holder.invokeSpecialIFC(java.lang.Object, java.lang.Object, int)'> (0x0000000089449228) 
thrown [t:/workspace/open/src/hotspot/share/interpreter/linkResolver.cpp, line 767]
Event: 0.509 Thread 0x000001b48d49f800 Exception <a 'java/lang/NoSuchMethodError'{0x0000000088d2e578}: 'java.lang.Object java.lang.invoke.DirectMethodHandle$Holder.invokeStaticInit(java.lang.Object, int, int, int, int)'> (0x0000000088d2e578) 
thrown [t:/workspace/open/src/hotspot/share/interpreter/linkResolver.cpp, line 767]
Event: 0.620 Thread 0x000001b48d49f800 Exception <a 'java/lang/NoSuchMethodError'{0x0000000088d5a8a8}: 'java.lang.Object java.lang.invoke.DirectMethodHandle$Holder.invokeStaticInit(java.lang.Object, java.lang.Object, int, int, int, int)'> (0x0000000088d5a8a8) 
thrown [t:/workspace/open/src/hotspot/share/interpreter/linkResolver.cpp, line 767]
Event: 0.766 Thread 0x000001b48d49f800 Exception <a 'sun/nio/fs/WindowsException'{0x00000000889ba9e8}> (0x00000000889ba9e8) 
thrown [t:/workspace/open/src/hotspot/share/prims/jni.cpp, line 598]
Event: 0.774 Thread 0x000001b48d49f800 Exception <a 'java/lang/NoSuchMethodError'{0x00000000889de420}: 'int java.lang.invoke.DirectMethodHandle$Holder.invokeStaticInit(java.lang.Object, java.lang.Object, java.lang.Object, java.lang.Object)'> (0x00000000889de420) 
thrown [t:/workspace/open/src/hotspot/share/interpreter/linkResolver.cpp, line 767]
Event: 0.775 Thread 0x000001b48d49f800 Exception <a 'java/lang/IncompatibleClassChangeError'{0x00000000889e6ec8}: Found class java.lang.Object, but interface was expected> (0x00000000889e6ec8) 
thrown [t:/workspace/open/src/hotspot/share/interpreter/linkResolver.cpp, line 833]
Event: 0.776 Thread 0x000001b48d49f800 Exception <a 'java/lang/NoSuchMethodError'{0x00000000889ea000}: 'void java.lang.invoke.DirectMethodHandle$Holder.invokeStaticInit(java.lang.Object, java.lang.Object)'> (0x00000000889ea000) 
thrown [t:/workspace/open/src/hotspot/share/interpreter/linkResolver.cpp, line 767]
Event: 0.777 Thread 0x000001b48d49f800 Exception <a 'java/lang/NoSuchMethodError'{0x00000000889ef560}: 'int java.lang.invoke.DirectMethodHandle$Holder.invokeStaticInit(java.lang.Object, java.lang.Object)'> (0x00000000889ef560) 
thrown [t:/workspace/open/src/hotspot/share/interpreter/linkResolver.cpp, line 767]

Events (20 events):
Event: 1.294 loading class com/microsoft/sqlserver/jdbc/StreamType done
Event: 1.295 loading class com/microsoft/sqlserver/jdbc/DDC
Event: 1.295 loading class com/microsoft/sqlserver/jdbc/DDC done
Event: 1.296 loading class com/microsoft/sqlserver/jdbc/DDC$1
Event: 1.296 loading class com/microsoft/sqlserver/jdbc/DDC$1 done
Event: 1.297 loading class jssc/SerialPortList
Event: 1.297 loading class jssc/SerialPortList done
Event: 1.298 loading class jssc/SerialNativeInterface
Event: 1.298 loading class jssc/SerialNativeInterface done
Event: 1.300 Loaded shared library C:\Users\mdu18\.jssc\windows\jSSC-2.8_x86_64.dll
Event: 1.300 loading class jssc/SerialPortList$1
Event: 1.300 loading class jssc/SerialPortList$1 done
Event: 1.301 loading class jssc/SerialPort
Event: 1.301 loading class jssc/SerialPort done
Event: 1.302 loading class jssc/SerialPort$EventThread
Event: 1.302 loading class jssc/SerialPort$EventThread done
Event: 1.302 loading class jssc/SerialPort$LinuxEventThread
Event: 1.302 loading class jssc/SerialPort$LinuxEventThread done
Event: 1.303 loading class jssc/SerialPortTimeoutException
Event: 1.303 loading class jssc/SerialPortTimeoutException done


Dynamic libraries:
0x00007ff686030000 - 0x00007ff68603f000 	C:\Program Files\Java\jdk-13.0.1\bin\java.exe
0x00007ff952350000 - 0x00007ff952531000 	C:\Windows\SYSTEM32\ntdll.dll
0x00007ff950330000 - 0x00007ff9503e1000 	C:\Windows\System32\KERNEL32.DLL
0x00007ff94ebd0000 - 0x00007ff94ee43000 	C:\Windows\System32\KERNELBASE.dll
0x00007ff94e970000 - 0x00007ff94ea68000 	C:\Windows\System32\ucrtbase.dll
0x00007ff940850000 - 0x00007ff940868000 	C:\Program Files\Java\jdk-13.0.1\bin\jli.dll
0x00007ff950680000 - 0x00007ff950721000 	C:\Windows\System32\ADVAPI32.dll
0x00007ff9503f0000 - 0x00007ff95048e000 	C:\Windows\System32\msvcrt.dll
0x00007ff950000000 - 0x00007ff95005b000 	C:\Windows\System32\sechost.dll
0x00007ff94f8d0000 - 0x00007ff94f9f4000 	C:\Windows\System32\RPCRT4.dll
0x00007ff94c7c0000 - 0x00007ff94c7d5000 	C:\Program Files\Java\jdk-13.0.1\bin\VCRUNTIME140.dll
0x00007ff952070000 - 0x00007ff952201000 	C:\Windows\System32\USER32.dll
0x00007ff9466c0000 - 0x00007ff946929000 	C:\Windows\WinSxS\amd64_microsoft.windows.common-controls_6595b64144ccf1df_6.0.17134.1130_none_d3ff42617c90becf\COMCTL32.dll
0x00007ff94ee50000 - 0x00007ff94ee70000 	C:\Windows\System32\win32u.dll
0x00007ff94fa00000 - 0x00007ff94fd21000 	C:\Windows\System32\combase.dll
0x00007ff950650000 - 0x00007ff950678000 	C:\Windows\System32\GDI32.dll
0x00007ff94e8f0000 - 0x00007ff94e969000 	C:\Windows\System32\bcryptPrimitives.dll
0x00007ff94ee70000 - 0x00007ff94f001000 	C:\Windows\System32\gdi32full.dll
0x00007ff94f010000 - 0x00007ff94f0af000 	C:\Windows\System32\msvcp_win.dll
0x00007ff94d1e0000 - 0x00007ff94d1ea000 	C:\Windows\SYSTEM32\VERSION.dll
0x00007ff94f820000 - 0x00007ff94f84d000 	C:\Windows\System32\IMM32.DLL
0x00007ff91a800000 - 0x00007ff91a89b000 	C:\Program Files\Java\jdk-13.0.1\bin\msvcp140.dll
0x00007ff8f0d20000 - 0x00007ff8f1886000 	C:\Program Files\Java\jdk-13.0.1\bin\server\jvm.dll
0x00007ff950130000 - 0x00007ff950138000 	C:\Windows\System32\PSAPI.DLL
0x00007ff92dd50000 - 0x00007ff92dd59000 	C:\Windows\SYSTEM32\WSOCK32.dll
0x00007ff9480d0000 - 0x00007ff9480f3000 	C:\Windows\SYSTEM32\WINMM.dll
0x00007ff9502c0000 - 0x00007ff95032c000 	C:\Windows\System32\WS2_32.dll
0x00007ff947d90000 - 0x00007ff947dba000 	C:\Windows\SYSTEM32\WINMMBASE.dll
0x00007ff94ead0000 - 0x00007ff94eb19000 	C:\Windows\System32\cfgmgr32.dll
0x00007ff94e6e0000 - 0x00007ff94e6f1000 	C:\Windows\System32\kernel.appcore.dll
0x00007ff94c770000 - 0x00007ff94c780000 	C:\Program Files\Java\jdk-13.0.1\bin\verify.dll
0x00007ff949350000 - 0x00007ff949519000 	C:\Windows\SYSTEM32\DBGHELP.DLL
0x00007ff949320000 - 0x00007ff949349000 	C:\Windows\SYSTEM32\dbgcore.DLL
0x00007ff94c790000 - 0x00007ff94c7b6000 	C:\Program Files\Java\jdk-13.0.1\bin\java.dll
0x00007ff940290000 - 0x00007ff9402a7000 	C:\Program Files\Java\jdk-13.0.1\bin\zip.dll
0x00007ff947780000 - 0x00007ff94778a000 	C:\Program Files\Java\jdk-13.0.1\bin\jimage.dll
0x00007ff950730000 - 0x00007ff951b75000 	C:\Windows\System32\SHELL32.dll
0x00007ff952270000 - 0x00007ff952319000 	C:\Windows\System32\shcore.dll
0x00007ff94f0b0000 - 0x00007ff94f7c0000 	C:\Windows\System32\windows.storage.dll
0x00007ff94f850000 - 0x00007ff94f8a1000 	C:\Windows\System32\shlwapi.dll
0x00007ff94e6c0000 - 0x00007ff94e6df000 	C:\Windows\System32\profapi.dll
0x00007ff94e670000 - 0x00007ff94e6bc000 	C:\Windows\System32\powrprof.dll
0x00007ff94e660000 - 0x00007ff94e66a000 	C:\Windows\System32\FLTLIB.DLL
0x00007ff93f160000 - 0x00007ff93f179000 	C:\Program Files\Java\jdk-13.0.1\bin\net.dll
0x00007ff94be00000 - 0x00007ff94bedd000 	C:\Windows\SYSTEM32\WINHTTP.dll
0x00007ff94de10000 - 0x00007ff94de76000 	C:\Windows\system32\mswsock.dll
0x00007ff93f140000 - 0x00007ff93f153000 	C:\Program Files\Java\jdk-13.0.1\bin\nio.dll
0x00007ff943330000 - 0x00007ff943346000 	C:\Windows\system32\napinsp.dll
0x00007ff9436a0000 - 0x00007ff9436ba000 	C:\Windows\system32\pnrpnsp.dll
0x00007ff949df0000 - 0x00007ff949e09000 	C:\Windows\system32\NLAapi.dll
0x00007ff94dbb0000 - 0x00007ff94dc6e000 	C:\Windows\SYSTEM32\DNSAPI.dll
0x00007ff94f8b0000 - 0x00007ff94f8b8000 	C:\Windows\System32\NSI.dll
0x00007ff94db70000 - 0x00007ff94dba8000 	C:\Windows\SYSTEM32\IPHLPAPI.DLL
0x00007ff944370000 - 0x00007ff94437e000 	C:\Windows\System32\winrnr.dll
0x00007ff9436c0000 - 0x00007ff9436d5000 	C:\Windows\System32\wshbth.dll
0x00007ff948a40000 - 0x00007ff948a4a000 	C:\Windows\System32\rasadhlp.dll
0x00007ff94bf90000 - 0x00007ff94c002000 	C:\Windows\System32\fwpuclnt.dll
0x00007ff94e150000 - 0x00007ff94e175000 	C:\Windows\SYSTEM32\bcrypt.dll
0x00007ff94e020000 - 0x00007ff94e037000 	C:\Windows\SYSTEM32\CRYPTSP.dll
0x00007ff94d9d0000 - 0x00007ff94da03000 	C:\Windows\system32\rsaenh.dll
0x00007ff94e570000 - 0x00007ff94e598000 	C:\Windows\SYSTEM32\USERENV.dll
0x00007ff94df70000 - 0x00007ff94df7b000 	C:\Windows\SYSTEM32\CRYPTBASE.dll
0x00007ff94bdc0000 - 0x00007ff94bdd6000 	C:\Windows\SYSTEM32\dhcpcsvc6.DLL
0x00007ff94bb30000 - 0x00007ff94bb4a000 	C:\Windows\SYSTEM32\dhcpcsvc.DLL
0x00007ff94a020000 - 0x00007ff94a02e000 	C:\Program Files\Java\jdk-13.0.1\bin\sunmscapi.dll
0x00007ff94e700000 - 0x00007ff94e8e2000 	C:\Windows\System32\CRYPT32.dll
0x00007ff94e640000 - 0x00007ff94e652000 	C:\Windows\System32\MSASN1.dll
0x00007ff94e0a0000 - 0x00007ff94e0c6000 	C:\Windows\SYSTEM32\ncrypt.dll
0x00007ff94e060000 - 0x00007ff94e096000 	C:\Windows\SYSTEM32\NTASN1.dll
0x00007ff93f200000 - 0x00007ff93f225000 	C:\Program Files\Java\jdk-13.0.1\bin\sunec.dll
0x0000000071100000 - 0x0000000071125000 	C:\Users\mdu18\.jssc\windows\jSSC-2.8_x86_64.dll

dbghelp: loaded successfully - version: 4.0.5 - missing functions: none
symbol engine: initialized successfully - sym options: 0x614 - pdb path: .;C:\Program Files\Java\jdk-13.0.1\bin;C:\Windows\SYSTEM32;C:\Windows\WinSxS\amd64_microsoft.windows.common-controls_6595b64144ccf1df_6.0.17134.1130_none_d3ff42617c90becf;C:\Program Files\Java\jdk-13.0.1\bin\server;C:\Users\mdu18\.jssc\windows

VM Arguments:
java_command: museumapp.beaconprogramer.ProgramerMain
java_class_path (initial): C:\Users\mdu18\Desktop\BeaconProgramer\target\classes;C:\Users\mdu18\.m2\repository\com\microsoft\sqlserver\mssql-jdbc\7.0.0.jre8\mssql-jdbc-7.0.0.jre8.jar;C:\Users\mdu18\.m2\repository\org\scream3r\jssc\2.8.0\jssc-2.8.0.jar
Launcher Type: SUN_STANDARD

[Global flags]
     intx CICompilerCount                          = 3                                         {product} {ergonomic}
     uint ConcGCThreads                            = 1                                         {product} {ergonomic}
     uint G1ConcRefinementThreads                  = 4                                         {product} {ergonomic}
   size_t G1HeapRegionSize                         = 1048576                                   {product} {ergonomic}
    uintx GCDrainStackTargetSize                   = 64                                        {product} {ergonomic}
   size_t InitialHeapSize                          = 134217728                                 {product} {ergonomic}
   size_t MarkStackSize                            = 4194304                                   {product} {ergonomic}
   size_t MaxHeapSize                              = 2124414976                                {product} {ergonomic}
   size_t MaxNewSize                               = 1274019840                                {product} {ergonomic}
   size_t MinHeapDeltaBytes                        = 1048576                                   {product} {ergonomic}
   size_t MinHeapSize                              = 8388608                                   {product} {ergonomic}
    uintx NonNMethodCodeHeapSize                   = 5830732                                {pd product} {ergonomic}
    uintx NonProfiledCodeHeapSize                  = 122913754                              {pd product} {ergonomic}
    uintx ProfiledCodeHeapSize                     = 122913754                              {pd product} {ergonomic}
    uintx ReservedCodeCacheSize                    = 251658240                              {pd product} {ergonomic}
     bool SegmentedCodeCache                       = true                                      {product} {ergonomic}
   size_t SoftMaxHeapSize                          = 2124414976                             {manageable} {ergonomic}
     bool UseCompressedClassPointers               = true                                 {lp64_product} {ergonomic}
     bool UseCompressedOops                        = true                                 {lp64_product} {ergonomic}
     bool UseG1GC                                  = true                                      {product} {ergonomic}
     bool UseLargePagesIndividualAllocation        = false                                  {pd product} {ergonomic}

Logging:
Log output configuration:
 #0: stdout all=warning uptime,level,tags
 #1: stderr all=off uptime,level,tags

Environment Variables:
JAVA_HOME=C:\Program Files\Java\jdk-13.0.1
PATH=C:\Program Files (x86)\Common Files\Oracle\Java\javapath;C:\Python38\Scripts\;C:\Python38\;C:\Windows\system32;C:\Windows;C:\Windows\System32\Wbem;C:\Windows\System32\WindowsPowerShell\v1.0\;C:\Windows\System32\OpenSSH\;C:\Program Files (x86)\Microsoft SQL Server\Client SDK\ODBC\130\Tools\Binn\;C:\Program Files (x86)\Microsoft SQL Server\140\Tools\Binn\;C:\Program Files (x86)\Microsoft SQL Server\140\DTS\Binn\;C:\Program Files (x86)\Microsoft SQL Server\140\Tools\Binn\ManagementStudio\;C:\Program Files\dotnet\;C:\Program Files\Microsoft SQL Server\130\Tools\Binn\;C:\Program Files\Microsoft SQL Server\Client SDK\ODBC\170\Tools\Binn\;C:\Program Files\Git\cmd;C:\ProgramData\chocolatey\bin;C:\Program Files\CMake\bin;C:\Program Files\Git LFS;C:\Program Files\Nordic Semiconductor\nrf-command-line-tools\bin\;C:\Program Files (x86)\GNU Tools Arm Embedded\7 2018-q2-update\bin;c:\gnuarmemb\bin;C:\Users\mdu18\AppData\Local\Microsoft\WindowsApps;C:\Users\mdu18\AppData\Local\Programs\Microsoft VS Code\bin
USERNAME=mdu18
OS=Windows_NT
PROCESSOR_IDENTIFIER=Intel64 Family 6 Model 60 Stepping 3, GenuineIntel



---------------  S Y S T E M  ---------------

OS: Windows 10 , 64 bit Build 17134 (10.0.17134.753)
HyperV virtualization detected

CPU:total 4 (initial active 4) (4 cores per cpu, 1 threads per core) family 6 model 60 stepping 3, cmov, cx8, fxsr, mmx, sse, sse2, sse3, ssse3, sse4.1, sse4.2, popcnt, avx, avx2, aes, clmul, erms, lzcnt, tsc, tscinvbit, bmi1, bmi2, fma

Memory: 4k page, system-wide physical 8100M (1249M free)
TotalPageFile size 14526M (AvailPageFile size 1760M)
current process WorkingSet (physical memory assigned to process): 77M, peak: 77M
current process commit charge ("private bytes"): 224M, peak: 224M

vm_info: Java HotSpot(TM) 64-Bit Server VM (13.0.1+9) for windows-amd64 JRE (13.0.1+9), built on Oct  6 2019 12:37:49 by "mach5one" with unknown MS VC++:1916

END.
